-------------------------------------------------------------------------------
Test set: com.bobazimov.dvdlibrary.service.DvdLibraryServiceLayerImplTest
-------------------------------------------------------------------------------
Tests run: 4, Failures: 1, Errors: 0, Skipped: 0, Time elapsed: 0.061 sec <<< FAILURE! - in com.bobazimov.dvdlibrary.service.DvdLibraryServiceLayerImplTest
testSomeMethod  Time elapsed: 0.021 sec  <<< FAILURE!
org.opentest4j.AssertionFailedError: The test case is a prototype.
	at com.bobazimov.dvdlibrary.service.DvdLibraryServiceLayerImplTest.testSomeMethod(DvdLibraryServiceLayerImplTest.java:33)

