-------------------------------------------------------------------------------
Test set: com.bobazimov.dvdlibrary.dto.DvdLibraryTest
-------------------------------------------------------------------------------
Tests run: 5, Failures: 1, Errors: 0, Skipped: 0, Time elapsed: 0.132 sec <<< FAILURE! - in com.bobazimov.dvdlibrary.dto.DvdLibraryTest
testSomeMethod  Time elapsed: 0.017 sec  <<< FAILURE!
org.opentest4j.AssertionFailedError: The test case is a prototype.
	at com.bobazimov.dvdlibrary.dto.DvdLibraryTest.testSomeMethod(DvdLibraryTest.java:40)

