<?xml version="1.0" encoding="UTF-8"?>
<testsuite xmlns:xsi="http://www.w3.org/2001/XMLSchema-instance" xsi:schemaLocation="https://maven.apache.org/surefire/maven-surefire-plugin/xsd/surefire-test-report.xsd" name="com.bobazimov.dvdlibrary.service.DvdLibraryServiceLayerImplTest" time="0.714" tests="4" errors="0" skipped="0" failures="1">
  <properties>
[...]
</properties>
  <testcase name="testCreateInvalidDataDvd" classname="com.bobazimov.dvdlibrary.service.DvdLibraryServiceLayerImplTest" time="0.007"/>
  <testcase name="testCreateDublicateDvd" classname="com.bobazimov.dvdlibrary.service.DvdLibraryServiceLayerImplTest" time="0.011"/>
  <testcase name="testCreatValidDvd" classname="com.bobazimov.dvdlibrary.service.DvdLibraryServiceLayerImplTest" time="0.001"/>
  <testcase name="testSomeMethod" classname="com.bobazimov.dvdlibrary.service.DvdLibraryServiceLayerImplTest" time="0.021">
    <failure message="The test case is a prototype." type="org.opentest4j.AssertionFailedError">org.opentest4j.AssertionFailedError: The test case is a prototype.
	at com.bobazimov.dvdlibrary.service.DvdLibraryServiceLayerImplTest.testSomeMethod(DvdLibraryServiceLayerImplTest.java:36)
</failure>
    <system-err><![CDATA[Jun 17, 2020 12:04:11 PM org.springframework.context.support.ClassPathXmlApplicationContext prepareRefresh
INFO: Refreshing org.springframework.context.support.ClassPathXmlApplicationContext@479460a6: startup date [Wed Jun 17 12:04:11 EDT 2020]; root of context hierarchy
Jun 17, 2020 12:04:11 PM org.springframework.beans.factory.xml.XmlBeanDefinitionReader loadBeanDefinitions
INFO: Loading XML bean definitions from class path resource [applicationContext.xml]
]]></system-err>
  </testcase>
</testsuite>